ERROR - 2023-12-15 06:03:57 --> mysqli_sql_exception: Table 'dishtavo.users' doesn't exist in D:\xampp\htdocs\dishtavo2\system\Database\MySQLi\Connection.php:306
Stack trace:
#0 D:\xampp\htdocs\dishtavo2\system\Database\MySQLi\Connection.php(306): mysqli->query('SELECT 1\nFROM `...', 0)
#1 D:\xampp\htdocs\dishtavo2\system\Database\BaseConnection.php(693): CodeIgniter\Database\MySQLi\Connection->execute('SELECT 1\nFROM `...')
#2 D:\xampp\htdocs\dishtavo2\system\Database\BaseConnection.php(607): CodeIgniter\Database\BaseConnection->simpleQuery('SELECT 1\nFROM `...')
#3 D:\xampp\htdocs\dishtavo2\system\Database\BaseBuilder.php(1615): CodeIgniter\Database\BaseConnection->query('SELECT 1\nFROM `...', Array, false)
#4 D:\xampp\htdocs\dishtavo2\system\Validation\StrictRules\Rules.php(212): CodeIgniter\Database\BaseBuilder->get()
#5 D:\xampp\htdocs\dishtavo2\system\Validation\Validation.php(311): CodeIgniter\Validation\StrictRules\Rules->is_unique('admin', 'username', Array, NULL, 'username')
#6 D:\xampp\htdocs\dishtavo2\system\Validation\Validation.php(197): CodeIgniter\Validation\Validation->processRules('username', 'username', 'admin', Array, Array)
#7 D:\xampp\htdocs\dishtavo2\app\Controllers\admin\Login.php(48): CodeIgniter\Validation\Validation->run()
#8 D:\xampp\htdocs\dishtavo2\system\CodeIgniter.php(942): App\Controllers\admin\Login->validatelogin()
#9 D:\xampp\htdocs\dishtavo2\system\CodeIgniter.php(502): CodeIgniter\CodeIgniter->runController(Object(App\Controllers\admin\Login))
#10 D:\xampp\htdocs\dishtavo2\system\CodeIgniter.php(361): CodeIgniter\CodeIgniter->handleRequest(NULL, Object(Config\Cache), false)
#11 D:\xampp\htdocs\dishtavo2\index.php(79): CodeIgniter\CodeIgniter->run()
#12 {main}
CRITICAL - 2023-12-15 06:03:57 --> Table 'dishtavo.users' doesn't exist
in SYSTEMPATH\Database\BaseConnection.php on line 647.
 1 SYSTEMPATH\Database\BaseBuilder.php(1615): CodeIgniter\Database\BaseConnection->query('SELECT 1
FROM `users`
WHERE `username` = :username:
 LIMIT 1', [...], false)
 2 SYSTEMPATH\Validation\StrictRules\Rules.php(212): CodeIgniter\Database\BaseBuilder->get()
 3 SYSTEMPATH\Validation\Validation.php(311): CodeIgniter\Validation\StrictRules\Rules->is_unique('admin', 'username', [...], null, 'username')
 4 SYSTEMPATH\Validation\Validation.php(197): CodeIgniter\Validation\Validation->processRules('username', 'username', 'admin', [...], [...])
 5 APPPATH\Controllers\admin\Login.php(48): CodeIgniter\Validation\Validation->run()
 6 SYSTEMPATH\CodeIgniter.php(942): App\Controllers\admin\Login->validatelogin()
 7 SYSTEMPATH\CodeIgniter.php(502): CodeIgniter\CodeIgniter->runController(Object(App\Controllers\admin\Login))
 8 SYSTEMPATH\CodeIgniter.php(361): CodeIgniter\CodeIgniter->handleRequest(null, Object(Config\Cache), false)
 9 FCPATH\index.php(79): CodeIgniter\CodeIgniter->run()
ERROR - 2023-12-15 08:53:39 --> mysqli_sql_exception: Table 'dishtavo.users' doesn't exist in D:\xampp\htdocs\dishtavo2\system\Database\MySQLi\Connection.php:306
Stack trace:
#0 D:\xampp\htdocs\dishtavo2\system\Database\MySQLi\Connection.php(306): mysqli->query('SELECT 1\nFROM `...', 0)
#1 D:\xampp\htdocs\dishtavo2\system\Database\BaseConnection.php(693): CodeIgniter\Database\MySQLi\Connection->execute('SELECT 1\nFROM `...')
#2 D:\xampp\htdocs\dishtavo2\system\Database\BaseConnection.php(607): CodeIgniter\Database\BaseConnection->simpleQuery('SELECT 1\nFROM `...')
#3 D:\xampp\htdocs\dishtavo2\system\Database\BaseBuilder.php(1615): CodeIgniter\Database\BaseConnection->query('SELECT 1\nFROM `...', Array, false)
#4 D:\xampp\htdocs\dishtavo2\system\Validation\StrictRules\Rules.php(212): CodeIgniter\Database\BaseBuilder->get()
#5 D:\xampp\htdocs\dishtavo2\system\Validation\Validation.php(311): CodeIgniter\Validation\StrictRules\Rules->is_unique('admin', 'username', Array, NULL, 'username')
#6 D:\xampp\htdocs\dishtavo2\system\Validation\Validation.php(197): CodeIgniter\Validation\Validation->processRules('username', 'username', 'admin', Array, Array)
#7 D:\xampp\htdocs\dishtavo2\app\Controllers\admin\Login.php(48): CodeIgniter\Validation\Validation->run()
#8 D:\xampp\htdocs\dishtavo2\system\CodeIgniter.php(942): App\Controllers\admin\Login->validatelogin()
#9 D:\xampp\htdocs\dishtavo2\system\CodeIgniter.php(502): CodeIgniter\CodeIgniter->runController(Object(App\Controllers\admin\Login))
#10 D:\xampp\htdocs\dishtavo2\system\CodeIgniter.php(361): CodeIgniter\CodeIgniter->handleRequest(NULL, Object(Config\Cache), false)
#11 D:\xampp\htdocs\dishtavo2\index.php(79): CodeIgniter\CodeIgniter->run()
#12 {main}
CRITICAL - 2023-12-15 08:53:39 --> Table 'dishtavo.users' doesn't exist
in SYSTEMPATH\Database\BaseConnection.php on line 647.
 1 SYSTEMPATH\Database\BaseBuilder.php(1615): CodeIgniter\Database\BaseConnection->query('SELECT 1
FROM `users`
WHERE `username` = :username:
 LIMIT 1', [...], false)
 2 SYSTEMPATH\Validation\StrictRules\Rules.php(212): CodeIgniter\Database\BaseBuilder->get()
 3 SYSTEMPATH\Validation\Validation.php(311): CodeIgniter\Validation\StrictRules\Rules->is_unique('admin', 'username', [...], null, 'username')
 4 SYSTEMPATH\Validation\Validation.php(197): CodeIgniter\Validation\Validation->processRules('username', 'username', 'admin', [...], [...])
 5 APPPATH\Controllers\admin\Login.php(48): CodeIgniter\Validation\Validation->run()
 6 SYSTEMPATH\CodeIgniter.php(942): App\Controllers\admin\Login->validatelogin()
 7 SYSTEMPATH\CodeIgniter.php(502): CodeIgniter\CodeIgniter->runController(Object(App\Controllers\admin\Login))
 8 SYSTEMPATH\CodeIgniter.php(361): CodeIgniter\CodeIgniter->handleRequest(null, Object(Config\Cache), false)
 9 FCPATH\index.php(79): CodeIgniter\CodeIgniter->run()
