CRITICAL - 2023-11-29 07:07:36 --> The namespace delimiter is a backslash (\), not a slash (/). Route handler: "\App\Controllers\admin/Login::index"
in SYSTEMPATH\Router\Router.php on line 479.
 1 SYSTEMPATH\Router\Router.php(479): CodeIgniter\Router\Exceptions\RouterException::forInvalidControllerName('\\App\\Controllers\\admin/Login::index')
 2 SYSTEMPATH\Router\Router.php(186): CodeIgniter\Router\Router->checkRoutes('admin')
 3 SYSTEMPATH\CodeIgniter.php(823): CodeIgniter\Router\Router->handle('admin')
 4 SYSTEMPATH\CodeIgniter.php(450): CodeIgniter\CodeIgniter->tryToRouteIt(Object(CodeIgniter\Router\RouteCollection))
 5 SYSTEMPATH\CodeIgniter.php(361): CodeIgniter\CodeIgniter->handleRequest(null, Object(Config\Cache), false)
 6 FCPATH\index.php(79): CodeIgniter\CodeIgniter->run()
CRITICAL - 2023-11-29 07:12:05 --> Class 'App\Controllers\admin\BaseController' not found
in APPPATH\Controllers\admin\Login.php on line 5.
 1 SYSTEMPATH\Autoloader\Autoloader.php(312): include_once()
 2 SYSTEMPATH\Autoloader\Autoloader.php(291): CodeIgniter\Autoloader\Autoloader->includeFile('G:\\xampp\\htdocs\\dishtavo2\\app\\Controllers\\admin\\Login.php')
 3 SYSTEMPATH\Autoloader\Autoloader.php(269): CodeIgniter\Autoloader\Autoloader->loadInNamespace('App\\Controllers\\admin\\Login')
 4 [internal function]: CodeIgniter\Autoloader\Autoloader->loadClass('App\\Controllers\\admin\\Login')
 5 [internal function]: spl_autoload_call('App\\Controllers\\admin\\Login')
 6 SYSTEMPATH\CodeIgniter.php(900): class_exists('\\App\\Controllers\\admin\\Login', true)
 7 SYSTEMPATH\CodeIgniter.php(489): CodeIgniter\CodeIgniter->startController()
 8 SYSTEMPATH\CodeIgniter.php(361): CodeIgniter\CodeIgniter->handleRequest(null, Object(Config\Cache), false)
 9 FCPATH\index.php(79): CodeIgniter\CodeIgniter->run()
CRITICAL - 2023-11-29 09:04:41 --> Call to undefined method Config\View::item()
in APPPATH\Views\admin\login.php on line 7.
 1 SYSTEMPATH\View\View.php(228): include()
 2 SYSTEMPATH\View\View.php(231): CodeIgniter\View\View->CodeIgniter\View\{closure}()
 3 SYSTEMPATH\Common.php(1190): CodeIgniter\View\View->render('admin/login', [], true)
 4 APPPATH\Controllers\admin\Login.php(11): view('admin/login', [])
 5 SYSTEMPATH\CodeIgniter.php(942): App\Controllers\admin\Login->index()
 6 SYSTEMPATH\CodeIgniter.php(502): CodeIgniter\CodeIgniter->runController(Object(App\Controllers\admin\Login))
 7 SYSTEMPATH\CodeIgniter.php(361): CodeIgniter\CodeIgniter->handleRequest(null, Object(Config\Cache), false)
 8 FCPATH\index.php(79): CodeIgniter\CodeIgniter->run()
CRITICAL - 2023-11-29 09:37:35 --> Invalid file: "layout.php"
in SYSTEMPATH\Exceptions\FrameworkException.php on line 39.
 1 SYSTEMPATH\View\View.php(216): CodeIgniter\Exceptions\FrameworkException::forInvalidFile('layout.php')
 2 SYSTEMPATH\Common.php(1190): CodeIgniter\View\View->render('layout', [], true)
 3 APPPATH\Controllers\admin\Home.php(12): view('layout', [...])
 4 SYSTEMPATH\CodeIgniter.php(942): App\Controllers\admin\Home->index()
 5 SYSTEMPATH\CodeIgniter.php(502): CodeIgniter\CodeIgniter->runController(Object(App\Controllers\admin\Home))
 6 SYSTEMPATH\CodeIgniter.php(361): CodeIgniter\CodeIgniter->handleRequest(null, Object(Config\Cache), false)
 7 FCPATH\index.php(79): CodeIgniter\CodeIgniter->run()
CRITICAL - 2023-11-29 09:42:51 --> Call to undefined method Config\View::item()
in APPPATH\Views\admin\layout.php on line 7.
 1 SYSTEMPATH\View\View.php(228): include()
 2 SYSTEMPATH\View\View.php(231): CodeIgniter\View\View->CodeIgniter\View\{closure}()
 3 SYSTEMPATH\Common.php(1190): CodeIgniter\View\View->render('admin/layout', [], true)
 4 APPPATH\Controllers\admin\Home.php(12): view('admin/layout', [...])
 5 SYSTEMPATH\CodeIgniter.php(942): App\Controllers\admin\Home->index()
 6 SYSTEMPATH\CodeIgniter.php(502): CodeIgniter\CodeIgniter->runController(Object(App\Controllers\admin\Home))
 7 SYSTEMPATH\CodeIgniter.php(361): CodeIgniter\CodeIgniter->handleRequest(null, Object(Config\Cache), false)
 8 FCPATH\index.php(79): CodeIgniter\CodeIgniter->run()
CRITICAL - 2023-11-29 11:38:41 --> Call to undefined method Config\View::item()
in APPPATH\Views\admin\header.php on line 3.
 1 SYSTEMPATH\View\View.php(228): include()
 2 SYSTEMPATH\View\View.php(231): CodeIgniter\View\View->CodeIgniter\View\{closure}()
 3 SYSTEMPATH\View\View.php(469): CodeIgniter\View\View->render('admin/header', null, true)
 4 APPPATH\Views\admin\layout.php(61): CodeIgniter\View\View->include('admin/header')
 5 SYSTEMPATH\View\View.php(228): include('G:\\xampp\\htdocs\\dishtavo2\\app\\Views\\admin\\layout.php')
 6 SYSTEMPATH\View\View.php(231): CodeIgniter\View\View->CodeIgniter\View\{closure}()
 7 SYSTEMPATH\Common.php(1190): CodeIgniter\View\View->render('admin/layout', [], true)
 8 APPPATH\Controllers\admin\Home.php(12): view('admin/layout', [...])
 9 SYSTEMPATH\CodeIgniter.php(942): App\Controllers\admin\Home->index()
10 SYSTEMPATH\CodeIgniter.php(502): CodeIgniter\CodeIgniter->runController(Object(App\Controllers\admin\Home))
11 SYSTEMPATH\CodeIgniter.php(361): CodeIgniter\CodeIgniter->handleRequest(null, Object(Config\Cache), false)
12 FCPATH\index.php(79): CodeIgniter\CodeIgniter->run()
CRITICAL - 2023-11-29 11:39:40 --> Undefined variable: menu
in APPPATH\Views\admin\leftpanel.php on line 6.
 1 APPPATH\Views\admin\leftpanel.php(6): CodeIgniter\Debug\Exceptions->errorHandler(8, 'Undefined variable: menu', 'G:\\xampp\\htdocs\\dishtavo2\\app\\Views\\admin\\leftpanel.php', 6, [...])
 2 SYSTEMPATH\View\View.php(228): include('G:\\xampp\\htdocs\\dishtavo2\\app\\Views\\admin\\leftpanel.php')
 3 SYSTEMPATH\View\View.php(231): CodeIgniter\View\View->CodeIgniter\View\{closure}()
 4 SYSTEMPATH\View\View.php(469): CodeIgniter\View\View->render('admin/leftpanel', null, true)
 5 APPPATH\Views\admin\layout.php(61): CodeIgniter\View\View->include('admin/leftpanel')
 6 SYSTEMPATH\View\View.php(228): include('G:\\xampp\\htdocs\\dishtavo2\\app\\Views\\admin\\layout.php')
 7 SYSTEMPATH\View\View.php(231): CodeIgniter\View\View->CodeIgniter\View\{closure}()
 8 SYSTEMPATH\Common.php(1190): CodeIgniter\View\View->render('admin/layout', [], true)
 9 APPPATH\Controllers\admin\Home.php(12): view('admin/layout', [...])
10 SYSTEMPATH\CodeIgniter.php(942): App\Controllers\admin\Home->index()
11 SYSTEMPATH\CodeIgniter.php(502): CodeIgniter\CodeIgniter->runController(Object(App\Controllers\admin\Home))
12 SYSTEMPATH\CodeIgniter.php(361): CodeIgniter\CodeIgniter->handleRequest(null, Object(Config\Cache), false)
13 FCPATH\index.php(79): CodeIgniter\CodeIgniter->run()
